#
# There is insufficient memory for the Java Runtime Environment to continue.
# Native memory allocation (malloc) failed to allocate 1388176 bytes for Chunk::new
# Possible reasons:
#   The system is out of physical RAM or swap space
#   The process is running with CompressedOops enabled, and the Java Heap may be blocking the growth of the native heap
# Possible solutions:
#   Reduce memory load on the system
#   Increase physical memory or swap space
#   Check if swap backing store is full
#   Decrease Java heap size (-Xmx/-Xms)
#   Decrease number of Java threads
#   Decrease Java thread stack sizes (-Xss)
#   Set larger code cache with -XX:ReservedCodeCacheSize=
#   JVM is running with Unscaled Compressed Oops mode in which the Java heap is
#     placed in the first 4GB address space. The Java Heap base address is the
#     maximum limit for the native heap growth. Please use -XX:HeapBaseMinAddress
#     to set the Java Heap base and to place the Java Heap above 4GB virtual address.
# This output file may be truncated or incomplete.
#
#  Out of Memory Error (allocation.cpp:389), pid=10152, tid=0x0000000000001984
#
# JRE version: OpenJDK Runtime Environment (8.0_202-b03) (build 1.8.0_202-release-1483-b03)
# Java VM: OpenJDK 64-Bit Server VM (25.202-b03 mixed mode windows-amd64 compressed oops)
# Failed to write core dump. Minidumps are not enabled by default on client versions of Windows
#

---------------  T H R E A D  ---------------

Current thread (0x000000001646c000):  JavaThread "C2 CompilerThread1" daemon [_thread_in_native, id=6532, stack(0x0000000017bf0000,0x0000000017cf0000)]

Stack: [0x0000000017bf0000,0x0000000017cf0000]
[error occurred during error reporting (printing stack bounds), id 0xc0000005]

Native frames: (J=compiled Java code, j=interpreted, Vv=VM code, C=native code)


Current CompileTask:
C2:   7628 3182       4       groovy.lang.MetaClassImpl$1MOPIter::methodNameAction (325 bytes)


---------------  P R O C E S S  ---------------

Java Threads: ( => current thread )
  0x0000000018ea9800 JavaThread "Build operations Thread 4" [_thread_blocked, id=9744, stack(0x0000000020ac0000,0x0000000020bc0000)]
  0x0000000018ead000 JavaThread "Build operations Thread 3" [_thread_blocked, id=12228, stack(0x00000000209c0000,0x0000000020ac0000)]
  0x0000000018eac800 JavaThread "Build operations Thread 2" [_thread_blocked, id=1148, stack(0x00000000208c0000,0x00000000209c0000)]
  0x0000000018eb0000 JavaThread "Build operations" [_thread_blocked, id=3412, stack(0x00000000207c0000,0x00000000208c0000)]
  0x0000000018eab000 JavaThread "Cache worker for execution history cache (C:\Users\nikol\.gradle\caches\5.4.1\executionHistory)" [_thread_blocked, id=7120, stack(0x00000000202c0000,0x00000000203c0000)]
  0x0000000018eaf800 JavaThread "Cache worker for cache directory md-rule (C:\Users\nikol\.gradle\caches\5.4.1\md-rule)" [_thread_blocked, id=6352, stack(0x00000000201c0000,0x00000000202c0000)]
  0x00000000198b1800 JavaThread "Cache worker for cache directory md-supplier (C:\Users\nikol\.gradle\caches\5.4.1\md-supplier)" [_thread_blocked, id=10464, stack(0x00000000200c0000,0x00000000201c0000)]
  0x00000000198b4000 JavaThread "Cache worker for file hash cache (C:\Users\nikol\Desktop\Penis\Projects\Android\DentistTest\.gradle\5.4.1\fileHashes)" [_thread_blocked, id=9148, stack(0x000000001f9c0000,0x000000001fac0000)]
  0x00000000198b3000 JavaThread "Cache worker for journal cache (C:\Users\nikol\.gradle\caches\journal-1)" [_thread_blocked, id=11660, stack(0x000000001b040000,0x000000001b140000)]
  0x00000000198af800 JavaThread "File lock request listener" [_thread_in_native, id=3272, stack(0x000000001af40000,0x000000001b040000)]
  0x00000000198ae800 JavaThread "Cache worker for file hash cache (C:\Users\nikol\.gradle\caches\5.4.1\fileHashes)" [_thread_blocked, id=8536, stack(0x000000001ae40000,0x000000001af40000)]
  0x0000000019847000 JavaThread "Thread-9" [_thread_blocked, id=11848, stack(0x000000001ad40000,0x000000001ae40000)]
  0x0000000019842000 JavaThread "Stdin handler" [_thread_blocked, id=10200, stack(0x000000001ac40000,0x000000001ad40000)]
  0x000000001983e000 JavaThread "Asynchronous log dispatcher for DefaultDaemonConnection: socket connection from /127.0.0.1:60183 to /127.0.0.1:60184" [_thread_blocked, id=9700, stack(0x000000001ab40000,0x000000001ac40000)]
  0x000000001983d000 JavaThread "Daemon worker" [_thread_in_vm, id=11268, stack(0x000000001aa40000,0x000000001ab40000)]
  0x000000001983a800 JavaThread "Cancel handler" [_thread_blocked, id=3060, stack(0x000000001a940000,0x000000001aa40000)]
  0x0000000018bee000 JavaThread "Handler for socket connection from /127.0.0.1:60183 to /127.0.0.1:60184" [_thread_in_native, id=5764, stack(0x000000001a640000,0x000000001a740000)]
  0x00000000197c8800 JavaThread "Daemon" [_thread_blocked, id=11428, stack(0x000000001a540000,0x000000001a640000)]
  0x00000000197ba800 JavaThread "Daemon periodic checks" [_thread_blocked, id=5708, stack(0x000000001a440000,0x000000001a540000)]
  0x00000000197ab000 JavaThread "Incoming local TCP Connector on port 60183" [_thread_in_native, id=12248, stack(0x000000001a200000,0x000000001a300000)]
  0x00000000190cc800 JavaThread "Daemon health stats" [_thread_blocked, id=8496, stack(0x0000000019bc0000,0x0000000019cc0000)]
  0x0000000017d04800 JavaThread "Service Thread" daemon [_thread_blocked, id=4692, stack(0x00000000181f0000,0x00000000182f0000)]
  0x0000000017cf8800 JavaThread "C1 CompilerThread2" daemon [_thread_blocked, id=11720, stack(0x00000000180f0000,0x00000000181f0000)]
=>0x000000001646c000 JavaThread "C2 CompilerThread1" daemon [_thread_in_native, id=6532, stack(0x0000000017bf0000,0x0000000017cf0000)]
  0x0000000016468000 JavaThread "C2 CompilerThread0" daemon [_thread_in_native, id=2908, stack(0x0000000017af0000,0x0000000017bf0000)]
  0x0000000016475800 JavaThread "Attach Listener" daemon [_thread_blocked, id=4472, stack(0x00000000179f0000,0x0000000017af0000)]
  0x0000000016474800 JavaThread "Signal Dispatcher" daemon [_thread_blocked, id=6564, stack(0x00000000178f0000,0x00000000179f0000)]
  0x0000000002afb000 JavaThread "Finalizer" daemon [_thread_blocked, id=8952, stack(0x00000000176f0000,0x00000000177f0000)]
  0x0000000016459000 JavaThread "Reference Handler" daemon [_thread_blocked, id=7240, stack(0x00000000175f0000,0x00000000176f0000)]
  0x00000000028fe000 JavaThread "main" [_thread_blocked, id=7296, stack(0x0000000002900000,0x0000000002a00000)]

Other Threads:
  0x0000000016436000 VMThread [stack: 0x00000000174f0000,0x00000000175f0000] [id=10952]
  0x0000000017cfd800 WatcherThread [stack: 0x00000000182f0000,0x00000000183f0000] [id=11860]

VM state:not at safepoint (normal execution)

VM Mutex/Monitor currently owned by a thread: None

heap address: 0x00000000a0000000, size: 1536 MB, Compressed Oops mode: 32-bit
Narrow klass base: 0x0000000000000000, Narrow klass shift: 3
Compressed class space size: 1073741824 Address: 0x0000000100000000

Heap:
 PSYoungGen      total 75776K, used 54404K [0x00000000e0000000, 0x00000000e7980000, 0x0000000100000000)
  eden space 65024K, 70% used [0x00000000e0000000,0x00000000e2cce130,0x00000000e3f80000)
  from space 10752K, 79% used [0x00000000e3f80000,0x00000000e47d30f8,0x00000000e4a00000)
  to   space 12288K, 0% used [0x00000000e6d80000,0x00000000e6d80000,0x00000000e7980000)
 ParOldGen       total 107520K, used 11075K [0x00000000a0000000, 0x00000000a6900000, 0x00000000e0000000)
  object space 107520K, 10% used [0x00000000a0000000,0x00000000a0ad0d80,0x00000000a6900000)
 Metaspace       used 34256K, capacity 34846K, committed 35200K, reserved 1079296K
  class space    used 4716K, capacity 4888K, committed 4992K, reserved 1048576K

Card table byte_map: [0x0000000011ec0000,0x00000000121d0000] byte_map_base: 0x00000000119c0000

Marking Bits: (ParMarkBitMap*) 0x0000000051a59f30
 Begin Bits: [0x00000000127d0000, 0x0000000013fd0000)
 End Bits:   [0x0000000013fd0000, 0x00000000157d0000)

Polling page: 0x0000000001020000

CodeCache: size=245760Kb used=11704Kb max_used=11704Kb free=234055Kb
 bounds [0x0000000002b00000, 0x0000000003680000, 0x0000000011b00000]
 total_blobs=3910 nmethods=3213 adapters=610
 compilation: enabled

Compilation events (10 events):
Event: 7.594 Thread 0x0000000017cf8800 nmethod 3243 0x0000000002c3ec50 code [0x0000000002c3ede0, 0x0000000002c3f198]
Event: 7.594 Thread 0x0000000017cf8800 3245       3       org.gradle.internal.instantiation.AbstractClassGenerator$DslMixInPropertyType::claimPropertyImplementation (21 bytes)
Event: 7.594 Thread 0x0000000017cf8800 nmethod 3245 0x0000000003673c90 code [0x0000000003673e00, 0x00000000036740a8]
Event: 7.594 Thread 0x0000000017cf8800 3246       3       org.gradle.internal.instantiation.AbstractClassGenerator$ServicesPropertyHandler::claimPropertyImplementation (40 bytes)
Event: 7.595 Thread 0x0000000017cf8800 nmethod 3246 0x0000000003674190 code [0x0000000003674380, 0x0000000003674e38]
Event: 7.595 Thread 0x0000000017cf8800 3248       1       com.google.common.collect.ImmutableEntry::getValue (5 bytes)
Event: 7.595 Thread 0x0000000017cf8800 nmethod 3248 0x0000000003632510 code [0x0000000003632660, 0x0000000003632770]
Event: 7.619 Thread 0x0000000016468000 3249       4       java.lang.AbstractStringBuilder::append (62 bytes)
Event: 7.620 Thread 0x0000000017cf8800 3250       1       groovy.lang.MetaClassImpl$MethodIndexAction::skipClass (2 bytes)
Event: 7.620 Thread 0x0000000017cf8800 nmethod 3250 0x0000000002c3e990 code [0x0000000002c3eae0, 0x0000000002c3ebf0]

GC Heap History (10 events):
Event: 3.529 GC heap before
{Heap before GC invocations=2 (full 0):
 PSYoungGen      total 75776K, used 71523K [0x00000000e0000000, 0x00000000e5480000, 0x0000000100000000)
  eden space 65024K, 100% used [0x00000000e0000000,0x00000000e3f80000,0x00000000e3f80000)
  from space 10752K, 60% used [0x00000000e3f80000,0x00000000e45d8df8,0x00000000e4a00000)
  to   space 10752K, 0% used [0x00000000e4a00000,0x00000000e4a00000,0x00000000e5480000)
 ParOldGen       total 173568K, used 16K [0x00000000a0000000, 0x00000000aa980000, 0x00000000e0000000)
  object space 173568K, 0% used [0x00000000a0000000,0x00000000a0004000,0x00000000aa980000)
 Metaspace       used 15326K, capacity 15720K, committed 16000K, reserved 1062912K
  class space    used 2181K, capacity 2318K, committed 2432K, reserved 1048576K
Event: 3.553 GC heap after
Heap after GC invocations=2 (full 0):
 PSYoungGen      total 75776K, used 9963K [0x00000000e0000000, 0x00000000e5480000, 0x0000000100000000)
  eden space 65024K, 0% used [0x00000000e0000000,0x00000000e0000000,0x00000000e3f80000)
  from space 10752K, 92% used [0x00000000e4a00000,0x00000000e53baf18,0x00000000e5480000)
  to   space 10752K, 0% used [0x00000000e3f80000,0x00000000e3f80000,0x00000000e4a00000)
 ParOldGen       total 173568K, used 24K [0x00000000a0000000, 0x00000000aa980000, 0x00000000e0000000)
  object space 173568K, 0% used [0x00000000a0000000,0x00000000a0006000,0x00000000aa980000)
 Metaspace       used 15326K, capacity 15720K, committed 16000K, reserved 1062912K
  class space    used 2181K, capacity 2318K, committed 2432K, reserved 1048576K
}
Event: 4.326 GC heap before
{Heap before GC invocations=3 (full 0):
 PSYoungGen      total 75776K, used 61760K [0x00000000e0000000, 0x00000000e5480000, 0x0000000100000000)
  eden space 65024K, 79% used [0x00000000e0000000,0x00000000e3295240,0x00000000e3f80000)
  from space 10752K, 92% used [0x00000000e4a00000,0x00000000e53baf18,0x00000000e5480000)
  to   space 10752K, 0% used [0x00000000e3f80000,0x00000000e3f80000,0x00000000e4a00000)
 ParOldGen       total 173568K, used 24K [0x00000000a0000000, 0x00000000aa980000, 0x00000000e0000000)
  object space 173568K, 0% used [0x00000000a0000000,0x00000000a0006000,0x00000000aa980000)
 Metaspace       used 20747K, capacity 21108K, committed 21248K, reserved 1067008K
  class space    used 2916K, capacity 3062K, committed 3072K, reserved 1048576K
Event: 4.339 GC heap after
Heap after GC invocations=3 (full 0):
 PSYoungGen      total 75776K, used 10724K [0x00000000e0000000, 0x00000000e5480000, 0x0000000100000000)
  eden space 65024K, 0% used [0x00000000e0000000,0x00000000e0000000,0x00000000e3f80000)
  from space 10752K, 99% used [0x00000000e3f80000,0x00000000e49f9168,0x00000000e4a00000)
  to   space 10752K, 0% used [0x00000000e4a00000,0x00000000e4a00000,0x00000000e5480000)
 ParOldGen       total 173568K, used 655K [0x00000000a0000000, 0x00000000aa980000, 0x00000000e0000000)
  object space 173568K, 0% used [0x00000000a0000000,0x00000000a00a3e80,0x00000000aa980000)
 Metaspace       used 20747K, capacity 21108K, committed 21248K, reserved 1067008K
  class space    used 2916K, capacity 3062K, committed 3072K, reserved 1048576K
}
Event: 4.339 GC heap before
{Heap before GC invocations=4 (full 1):
 PSYoungGen      total 75776K, used 10724K [0x00000000e0000000, 0x00000000e5480000, 0x0000000100000000)
  eden space 65024K, 0% used [0x00000000e0000000,0x00000000e0000000,0x00000000e3f80000)
  from space 10752K, 99% used [0x00000000e3f80000,0x00000000e49f9168,0x00000000e4a00000)
  to   space 10752K, 0% used [0x00000000e4a00000,0x00000000e4a00000,0x00000000e5480000)
 ParOldGen       total 173568K, used 655K [0x00000000a0000000, 0x00000000aa980000, 0x00000000e0000000)
  object space 173568K, 0% used [0x00000000a0000000,0x00000000a00a3e80,0x00000000aa980000)
 Metaspace       used 20747K, capacity 21108K, committed 21248K, reserved 1067008K
  class space    used 2916K, capacity 3062K, committed 3072K, reserved 1048576K
Event: 4.384 GC heap after
Heap after GC invocations=4 (full 1):
 PSYoungGen      total 75776K, used 0K [0x00000000e0000000, 0x00000000e5480000, 0x0000000100000000)
  eden space 65024K, 0% used [0x00000000e0000000,0x00000000e0000000,0x00000000e3f80000)
  from space 10752K, 0% used [0x00000000e3f80000,0x00000000e3f80000,0x00000000e4a00000)
  to   space 10752K, 0% used [0x00000000e4a00000,0x00000000e4a00000,0x00000000e5480000)
 ParOldGen       total 107520K, used 11059K [0x00000000a0000000, 0x00000000a6900000, 0x00000000e0000000)
  object space 107520K, 10% used [0x00000000a0000000,0x00000000a0accd80,0x00000000a6900000)
 Metaspace       used 20747K, capacity 21108K, committed 21248K, reserved 1067008K
  class space    used 2916K, capacity 3062K, committed 3072K, reserved 1048576K
}
Event: 5.763 GC heap before
{Heap before GC invocations=5 (full 1):
 PSYoungGen      total 75776K, used 65024K [0x00000000e0000000, 0x00000000e5480000, 0x0000000100000000)
  eden space 65024K, 100% used [0x00000000e0000000,0x00000000e3f80000,0x00000000e3f80000)
  from space 10752K, 0% used [0x00000000e3f80000,0x00000000e3f80000,0x00000000e4a00000)
  to   space 10752K, 0% used [0x00000000e4a00000,0x00000000e4a00000,0x00000000e5480000)
 ParOldGen       total 107520K, used 11059K [0x00000000a0000000, 0x00000000a6900000, 0x00000000e0000000)
  object space 107520K, 10% used [0x00000000a0000000,0x00000000a0accd80,0x00000000a6900000)
 Metaspace       used 28555K, capacity 29038K, committed 29440K, reserved 1075200K
  class space    used 3850K, capacity 4009K, committed 4096K, reserved 1048576K
Event: 5.780 GC heap after
Heap after GC invocations=5 (full 1):
 PSYoungGen      total 75776K, used 7637K [0x00000000e0000000, 0x00000000e7680000, 0x0000000100000000)
  eden space 65024K, 0% used [0x00000000e0000000,0x00000000e0000000,0x00000000e3f80000)
  from space 10752K, 71% used [0x00000000e4a00000,0x00000000e5175630,0x00000000e5480000)
  to   space 10752K, 0% used [0x00000000e3f80000,0x00000000e3f80000,0x00000000e4a00000)
 ParOldGen       total 107520K, used 11067K [0x00000000a0000000, 0x00000000a6900000, 0x00000000e0000000)
  object space 107520K, 10% used [0x00000000a0000000,0x00000000a0aced80,0x00000000a6900000)
 Metaspace       used 28555K, capacity 29038K, committed 29440K, reserved 1075200K
  class space    used 3850K, capacity 4009K, committed 4096K, reserved 1048576K
}
Event: 6.668 GC heap before
{Heap before GC invocations=6 (full 1):
 PSYoungGen      total 75776K, used 72661K [0x00000000e0000000, 0x00000000e7680000, 0x0000000100000000)
  eden space 65024K, 100% used [0x00000000e0000000,0x00000000e3f80000,0x00000000e3f80000)
  from space 10752K, 71% used [0x00000000e4a00000,0x00000000e5175630,0x00000000e5480000)
  to   space 10752K, 0% used [0x00000000e3f80000,0x00000000e3f80000,0x00000000e4a00000)
 ParOldGen       total 107520K, used 11067K [0x00000000a0000000, 0x00000000a6900000, 0x00000000e0000000)
  object space 107520K, 10% used [0x00000000a0000000,0x00000000a0aced80,0x00000000a6900000)
 Metaspace       used 31836K, capacity 32364K, committed 32768K, reserved 1077248K
  class space    used 4383K, capacity 4563K, committed 4608K, reserved 1048576K
Event: 6.679 GC heap after
Heap after GC invocations=6 (full 1):
 PSYoungGen      total 75776K, used 8524K [0x00000000e0000000, 0x00000000e7980000, 0x0000000100000000)
  eden space 65024K, 0% used [0x00000000e0000000,0x00000000e0000000,0x00000000e3f80000)
  from space 10752K, 79% used [0x00000000e3f80000,0x00000000e47d30f8,0x00000000e4a00000)
  to   space 12288K, 0% used [0x00000000e6d80000,0x00000000e6d80000,0x00000000e7980000)
 ParOldGen       total 107520K, used 11075K [0x00000000a0000000, 0x00000000a6900000, 0x00000000e0000000)
  object space 107520K, 10% used [0x00000000a0000000,0x00000000a0ad0d80,0x00000000a6900000)
 Metaspace       used 31836K, capacity 32364K, committed 32768K, reserved 1077248K
  class space    used 4383K, capacity 4563K, committed 4608K, reserved 1048576K
}

Deoptimization events (10 events):
Event: 6.765 Thread 0x000000001983d000 Uncommon trap: reason=bimorphic action=maybe_recompile pc=0x00000000030bf37c method=java.io.DataInputStream.readInt()I @ 4
Event: 6.765 Thread 0x000000001983d000 Uncommon trap: reason=bimorphic action=maybe_recompile pc=0x00000000030bf37c method=java.io.DataInputStream.readInt()I @ 4
Event: 7.153 Thread 0x000000001983d000 Uncommon trap: reason=unstable_if action=reinterpret pc=0x00000000034caf00 method=java.util.concurrent.ConcurrentHashMap.get(Ljava/lang/Object;)Ljava/lang/Object; @ 76
Event: 7.153 Thread 0x000000001983d000 Uncommon trap: reason=class_check action=maybe_recompile pc=0x00000000030119a0 method=java.util.concurrent.ConcurrentHashMap.putVal(Ljava/lang/Object;Ljava/lang/Object;Z)Ljava/lang/Object; @ 192
Event: 7.282 Thread 0x00000000198b3000 Uncommon trap: reason=bimorphic action=maybe_recompile pc=0x00000000034bc5f8 method=java.io.BufferedInputStream.read([BII)I @ 101
Event: 7.282 Thread 0x000000001983d000 Uncommon trap: reason=class_check action=maybe_recompile pc=0x00000000030119a0 method=java.util.concurrent.ConcurrentHashMap.putVal(Ljava/lang/Object;Ljava/lang/Object;Z)Ljava/lang/Object; @ 192
Event: 7.283 Thread 0x00000000198b3000 Uncommon trap: reason=bimorphic action=maybe_recompile pc=0x00000000034bc5f8 method=java.io.BufferedInputStream.read([BII)I @ 101
Event: 7.352 Thread 0x00000000198ae800 Uncommon trap: reason=bimorphic action=maybe_recompile pc=0x00000000034bc5f8 method=java.io.BufferedInputStream.read([BII)I @ 101
Event: 7.355 Thread 0x00000000198ae800 Uncommon trap: reason=bimorphic action=maybe_recompile pc=0x00000000034bc5f8 method=java.io.BufferedInputStream.read([BII)I @ 101
Event: 7.446 Thread 0x000000001983d000 Uncommon trap: reason=unstable_if action=reinterpret pc=0x00000000033e44e4 method=org.codehaus.groovy.runtime.metaclass.MetaMethodIndex.addMethodToList(Ljava/lang/Object;Lgroovy/lang/MetaMethod;)Ljava/lang/Object; @ 226

Classes redefined (0 events):
No events

Internal exceptions (10 events):
Event: 7.526 Thread 0x000000001983d000 Exception <a 'java/security/PrivilegedActionException'> (0x00000000e26aa570) thrown at [D:\src\AOSP-openjdk-cygwin\jdk8u\hotspot\src\share\vm\prims\jvm.cpp, line 1508]
Event: 7.526 Thread 0x000000001983d000 Exception <a 'java/security/PrivilegedActionException'> (0x00000000e26ab108) thrown at [D:\src\AOSP-openjdk-cygwin\jdk8u\hotspot\src\share\vm\prims\jvm.cpp, line 1508]
Event: 7.526 Thread 0x000000001983d000 Exception <a 'java/security/PrivilegedActionException'> (0x00000000e26adce0) thrown at [D:\src\AOSP-openjdk-cygwin\jdk8u\hotspot\src\share\vm\prims\jvm.cpp, line 1508]
Event: 7.526 Thread 0x000000001983d000 Exception <a 'java/security/PrivilegedActionException'> (0x00000000e26ae878) thrown at [D:\src\AOSP-openjdk-cygwin\jdk8u\hotspot\src\share\vm\prims\jvm.cpp, line 1508]
Event: 7.526 Thread 0x000000001983d000 Exception <a 'java/security/PrivilegedActionException'> (0x00000000e26b1630) thrown at [D:\src\AOSP-openjdk-cygwin\jdk8u\hotspot\src\share\vm\prims\jvm.cpp, line 1508]
Event: 7.526 Thread 0x000000001983d000 Exception <a 'java/security/PrivilegedActionException'> (0x00000000e26b21c8) thrown at [D:\src\AOSP-openjdk-cygwin\jdk8u\hotspot\src\share\vm\prims\jvm.cpp, line 1508]
Event: 7.529 Thread 0x000000001983d000 Exception <a 'java/lang/ClassNotFoundException': org/gradle/api/internal/project/DefaultProject_DecoratedBeanInfo> (0x00000000e26c61e8) thrown at [D:\src\AOSP-openjdk-cygwin\jdk8u\hotspot\src\share\vm\classfile\systemDictionary.cpp, line 210]
Event: 7.530 Thread 0x000000001983d000 Exception <a 'java/lang/ClassNotFoundException': org/gradle/api/internal/project/DefaultProjectBeanInfo> (0x00000000e26f8658) thrown at [D:\src\AOSP-openjdk-cygwin\jdk8u\hotspot\src\share\vm\classfile\systemDictionary.cpp, line 210]
Event: 7.531 Thread 0x000000001983d000 Exception <a 'java/lang/ClassNotFoundException': org/gradle/api/internal/project/DefaultProjectCustomizer> (0x00000000e272c210) thrown at [D:\src\AOSP-openjdk-cygwin\jdk8u\hotspot\src\share\vm\classfile\systemDictionary.cpp, line 210]
Event: 7.547 Thread 0x000000001983d000 Exception <a 'java/lang/ClassNotFoundException': org/gradle/api/internal/project/DefaultProject_DecoratedCustomizer> (0x00000000e2831448) thrown at [D:\src\AOSP-openjdk-cygwin\jdk8u\hotspot\src\share\vm\classfile\systemDictionary.cpp, line 210]

Events (10 events):
Event: 7.615 loading class org/gradle/api/internal/AbstractTask$TaskActionWrapper
Event: 7.615 loading class org/gradle/api/internal/AbstractTask$TaskActionWrapper done
Event: 7.617 loading class groovy/runtime/metaclass/org/gradle/api/tasks/Delete_DecoratedMetaClass
Event: 7.617 loading class groovy/runtime/metaclass/org/gradle/api/tasks/Delete_DecoratedMetaClass done
Event: 7.627 loading class org/gradle/api/tasks/Delete_DecoratedBeanInfo
Event: 7.627 loading class org/gradle/api/tasks/Delete_DecoratedBeanInfo done
Event: 7.627 loading class org/gradle/api/tasks/Delete_DecoratedBeanInfo
Event: 7.627 loading class org/gradle/api/tasks/Delete_DecoratedBeanInfo done
Event: 7.627 loading class org/gradle/api/tasks/Delete_DecoratedBeanInfo
Event: 7.627 loading class org/gradle/api/tasks/Delete_DecoratedBeanInfo done


Dynamic libraries:
0x00007ff6c9d20000 - 0x00007ff6c9d51000 	C:\Program Files\Android\Android Studio\jre\bin\java.exe
0x00007ffbc0ca0000 - 0x00007ffbc0e90000 	C:\WINDOWS\SYSTEM32\ntdll.dll
0x00007ffbbfb30000 - 0x00007ffbbfbe2000 	C:\WINDOWS\System32\KERNEL32.DLL
0x00007ffbbea10000 - 0x00007ffbbecb3000 	C:\WINDOWS\System32\KERNELBASE.dll
0x00007ffbc0720000 - 0x00007ffbc07c3000 	C:\WINDOWS\System32\ADVAPI32.dll
0x00007ffbc0660000 - 0x00007ffbc06fe000 	C:\WINDOWS\System32\msvcrt.dll
0x00007ffbbf840000 - 0x00007ffbbf8d7000 	C:\WINDOWS\System32\sechost.dll
0x00007ffbbeef0000 - 0x00007ffbbf010000 	C:\WINDOWS\System32\RPCRT4.dll
0x00007ffbc0910000 - 0x00007ffbc0aa4000 	C:\WINDOWS\System32\USER32.dll
0x00007ffbbed20000 - 0x00007ffbbed41000 	C:\WINDOWS\System32\win32u.dll
0x00007ffbbf040000 - 0x00007ffbbf066000 	C:\WINDOWS\System32\GDI32.dll
0x00007ffbbe870000 - 0x00007ffbbea04000 	C:\WINDOWS\System32\gdi32full.dll
0x00007ffbbe7d0000 - 0x00007ffbbe86e000 	C:\WINDOWS\System32\msvcp_win.dll
0x00007ffbbdd20000 - 0x00007ffbbde1a000 	C:\WINDOWS\System32\ucrtbase.dll
0x00007ffbb7970000 - 0x00007ffbb7bf5000 	C:\WINDOWS\WinSxS\amd64_microsoft.windows.common-controls_6595b64144ccf1df_6.0.18362.720_none_e6beb5c51314836b\COMCTL32.dll
0x00007ffbc00e0000 - 0x00007ffbc0416000 	C:\WINDOWS\System32\combase.dll
0x00007ffbbdc50000 - 0x00007ffbbdcd0000 	C:\WINDOWS\System32\bcryptPrimitives.dll
0x00007ffbbf010000 - 0x00007ffbbf03e000 	C:\WINDOWS\System32\IMM32.DLL
0x00000000510d0000 - 0x00000000511a2000 	C:\Program Files\Android\Android Studio\jre\jre\bin\msvcr100.dll
0x0000000051290000 - 0x0000000051ad6000 	C:\Program Files\Android\Android Studio\jre\jre\bin\server\jvm.dll
0x00007ffbbee20000 - 0x00007ffbbee28000 	C:\WINDOWS\System32\PSAPI.DLL
0x00007ffbba3e0000 - 0x00007ffbba3e9000 	C:\WINDOWS\SYSTEM32\WSOCK32.dll
0x00007ffbbf8e0000 - 0x00007ffbbf94f000 	C:\WINDOWS\System32\WS2_32.dll
0x00007ffbbbca0000 - 0x00007ffbbbcc4000 	C:\WINDOWS\SYSTEM32\WINMM.dll
0x00007ffbb7330000 - 0x00007ffbb733a000 	C:\WINDOWS\SYSTEM32\VERSION.dll
0x00007ffbbbc70000 - 0x00007ffbbbc9d000 	C:\WINDOWS\SYSTEM32\WINMMBASE.dll
0x00007ffbbdcd0000 - 0x00007ffbbdd1a000 	C:\WINDOWS\System32\cfgmgr32.dll
0x00007ffbba3d0000 - 0x00007ffbba3df000 	C:\Program Files\Android\Android Studio\jre\jre\bin\verify.dll
0x00007ffbb7660000 - 0x00007ffbb7689000 	C:\Program Files\Android\Android Studio\jre\jre\bin\java.dll
0x00007ffbb7770000 - 0x00007ffbb7786000 	C:\Program Files\Android\Android Studio\jre\jre\bin\zip.dll
0x00007ffbbf150000 - 0x00007ffbbf835000 	C:\WINDOWS\System32\SHELL32.dll
0x00007ffbbee30000 - 0x00007ffbbeed9000 	C:\WINDOWS\System32\shcore.dll
0x00007ffbbe020000 - 0x00007ffbbe7a0000 	C:\WINDOWS\System32\windows.storage.dll
0x00007ffbbdc00000 - 0x00007ffbbdc23000 	C:\WINDOWS\System32\profapi.dll
0x00007ffbbdbb0000 - 0x00007ffbbdbfa000 	C:\WINDOWS\System32\powrprof.dll
0x00007ffbbdb60000 - 0x00007ffbbdb70000 	C:\WINDOWS\System32\UMPDC.dll
0x00007ffbc0420000 - 0x00007ffbc0472000 	C:\WINDOWS\System32\shlwapi.dll
0x00007ffbbdb70000 - 0x00007ffbbdb81000 	C:\WINDOWS\System32\kernel.appcore.dll
0x00007ffbbdc30000 - 0x00007ffbbdc47000 	C:\WINDOWS\System32\cryptsp.dll
0x00007ffbaba60000 - 0x00007ffbaba7a000 	C:\Program Files\Android\Android Studio\jre\jre\bin\net.dll
0x00007ffbbd320000 - 0x00007ffbbd387000 	C:\WINDOWS\system32\mswsock.dll
0x00007ffbab460000 - 0x00007ffbab471000 	C:\Program Files\Android\Android Studio\jre\jre\bin\nio.dll
0x00007ffba8380000 - 0x00007ffba83a6000 	C:\Users\nikol\.gradle\native\29\windows-amd64\native-platform.dll
0x00007ffbba310000 - 0x00007ffbba31d000 	C:\Program Files\Android\Android Studio\jre\jre\bin\management.dll
0x00007ffbbcea0000 - 0x00007ffbbced3000 	C:\WINDOWS\system32\rsaenh.dll
0x00007ffbbe7a0000 - 0x00007ffbbe7c6000 	C:\WINDOWS\System32\bcrypt.dll
0x00007ffbbda80000 - 0x00007ffbbdaa5000 	C:\WINDOWS\SYSTEM32\USERENV.dll
0x00007ffbbd4d0000 - 0x00007ffbbd4dc000 	C:\WINDOWS\SYSTEM32\CRYPTBASE.dll
0x00007ffbbd040000 - 0x00007ffbbd07a000 	C:\WINDOWS\SYSTEM32\IPHLPAPI.DLL
0x00007ffbbeee0000 - 0x00007ffbbeee8000 	C:\WINDOWS\System32\NSI.dll
0x00007ffbb80f0000 - 0x00007ffbb8106000 	C:\WINDOWS\SYSTEM32\dhcpcsvc6.DLL
0x00007ffbb80d0000 - 0x00007ffbb80ec000 	C:\WINDOWS\SYSTEM32\dhcpcsvc.DLL
0x00007ffbbd080000 - 0x00007ffbbd14a000 	C:\WINDOWS\SYSTEM32\DNSAPI.dll

VM Arguments:
jvm_args: -Xmx1536m -Dfile.encoding=windows-1252 -Duser.country=US -Duser.language=en -Duser.variant 
java_command: org.gradle.launcher.daemon.bootstrap.GradleDaemon 5.4.1
java_class_path (initial): C:\Users\nikol\.gradle\wrapper\dists\gradle-5.4.1-all\3221gyojl5jsh0helicew7rwx\gradle-5.4.1\lib\gradle-launcher-5.4.1.jar
Launcher Type: SUN_STANDARD

Environment Variables:
PATH=C:\Program Files (x86)\Common Files\Oracle\Java\javapath;C:\WINDOWS\system32;C:\WINDOWS;C:\WINDOWS\System32\Wbem;C:\WINDOWS\System32\WindowsPowerShell\v1.0\;C:\WINDOWS\System32\OpenSSH\;C:\Program Files (x86)\NVIDIA Corporation\PhysX\Common;C:\WINDOWS\system32;C:\WINDOWS;C:\WINDOWS\System32\Wbem;C:\WINDOWS\System32\WindowsPowerShell\v1.0\;C:\WINDOWS\System32\OpenSSH\;C:\Users\nikol\AppData\Local\Microsoft\WindowsApps;
USERNAME=nikol
OS=Windows_NT
PROCESSOR_IDENTIFIER=Intel64 Family 6 Model 94 Stepping 3, GenuineIntel



---------------  S Y S T E M  ---------------

OS: Windows 10.0 , 64 bit Build 18362 (10.0.18362.329)

CPU:total 4 (initial active 4) (4 cores per cpu, 1 threads per core) family 6 model 94 stepping 3, cmov, cx8, fxsr, mmx, sse, sse2, sse3, ssse3, sse4.1, sse4.2, popcnt, avx, avx2, aes, clmul, erms, rtm, 3dnowpref, lzcnt, tsc, tscinvbit, bmi1, bmi2, adx

Memory: 4k page, physical 16623852k(6997824k free), swap 45848808k(5624k free)

vm_info: OpenJDK 64-Bit Server VM (25.202-b03) for windows-amd64 JRE (1.8.0_202-release-1483-b03), built by "builder" with MS VC++ 10.0 (VS2010)

time: Thu Apr 02 15:38:10 2020
timezone: Central Europe Daylight Time
elapsed time: 7 seconds (0d 0h 0m 7s)

