#
# There is insufficient memory for the Java Runtime Environment to continue.
# Native memory allocation (malloc) failed to allocate 32744 bytes for ChunkPool::allocate
# Possible reasons:
#   The system is out of physical RAM or swap space
#   The process is running with CompressedOops enabled, and the Java Heap may be blocking the growth of the native heap
# Possible solutions:
#   Reduce memory load on the system
#   Increase physical memory or swap space
#   Check if swap backing store is full
#   Decrease Java heap size (-Xmx/-Xms)
#   Decrease number of Java threads
#   Decrease Java thread stack sizes (-Xss)
#   Set larger code cache with -XX:ReservedCodeCacheSize=
#   JVM is running with Unscaled Compressed Oops mode in which the Java heap is
#     placed in the first 4GB address space. The Java Heap base address is the
#     maximum limit for the native heap growth. Please use -XX:HeapBaseMinAddress
#     to set the Java Heap base and to place the Java Heap above 4GB virtual address.
# This output file may be truncated or incomplete.
#
#  Out of Memory Error (allocation.cpp:272), pid=3348, tid=0x0000000000001900
#
# JRE version: OpenJDK Runtime Environment (8.0_212-b04) (build 1.8.0_212-release-1586-b04)
# Java VM: OpenJDK 64-Bit Server VM (25.212-b04 mixed mode windows-amd64 compressed oops)
# Failed to write core dump. Minidumps are not enabled by default on client versions of Windows
#

---------------  T H R E A D  ---------------

Current thread (0x0000000015d2b000):  JavaThread "C2 CompilerThread1" daemon [_thread_in_native, id=6400, stack(0x0000000017490000,0x0000000017590000)]

Stack: [0x0000000017490000,0x0000000017590000]
[error occurred during error reporting (printing stack bounds), id 0xc0000005]

Native frames: (J=compiled Java code, j=interpreted, Vv=VM code, C=native code)


Current CompileTask:
C2:   5637 1418       4       java.net.URLClassLoader$1::run (5 bytes)


---------------  P R O C E S S  ---------------

Java Threads: ( => current thread )
  0x000000001a478000 JavaThread "Cache worker for journal cache (C:\Users\nikol\.gradle\caches\journal-1)" [_thread_blocked, id=8160, stack(0x0000000020bc0000,0x0000000020cc0000)]
  0x000000001a475000 JavaThread "File lock request listener" [_thread_in_native, id=6904, stack(0x0000000020ac0000,0x0000000020bc0000)]
  0x000000001a479000 JavaThread "Cache worker for file hash cache (C:\Users\nikol\.gradle\caches\5.6.4\fileHashes)" [_thread_blocked, id=9416, stack(0x00000000209c0000,0x0000000020ac0000)]
  0x0000000017a01000 JavaThread "Thread-9" [_thread_blocked, id=12232, stack(0x00000000206c0000,0x00000000207c0000)]
  0x00000000179fe000 JavaThread "Stdin handler" [_thread_blocked, id=9936, stack(0x00000000205c0000,0x00000000206c0000)]
  0x00000000179fb000 JavaThread "Asynchronous log dispatcher for DefaultDaemonConnection: socket connection from /127.0.0.1:64487 to /127.0.0.1:64488" [_thread_blocked, id=8428, stack(0x00000000204c0000,0x00000000205c0000)]
  0x0000000018e79000 JavaThread "Daemon worker" [_thread_in_vm, id=5364, stack(0x00000000203c0000,0x00000000204c0000)]
  0x0000000018e77800 JavaThread "Cancel handler" [_thread_blocked, id=2524, stack(0x00000000202c0000,0x00000000203c0000)]
  0x00000000190ae800 JavaThread "Handler for socket connection from /127.0.0.1:64487 to /127.0.0.1:64488" [_thread_in_native, id=9188, stack(0x00000000201c0000,0x00000000202c0000)]
  0x00000000190a9000 JavaThread "Daemon" [_thread_blocked, id=9136, stack(0x00000000200c0000,0x00000000201c0000)]
  0x0000000018ea9800 JavaThread "Daemon periodic checks" [_thread_blocked, id=6752, stack(0x000000001ffc0000,0x00000000200c0000)]
  0x0000000018edf800 JavaThread "Incoming local TCP Connector on port 64487" [_thread_in_native, id=9480, stack(0x000000001f640000,0x000000001f740000)]
  0x000000001944d800 JavaThread "Daemon health stats" [_thread_blocked, id=1728, stack(0x000000001f540000,0x000000001f640000)]
  0x0000000017695800 JavaThread "Service Thread" daemon [_thread_blocked, id=2488, stack(0x0000000017a90000,0x0000000017b90000)]
  0x0000000015d2e000 JavaThread "C1 CompilerThread2" daemon [_thread_blocked, id=9444, stack(0x0000000017590000,0x0000000017690000)]
=>0x0000000015d2b000 JavaThread "C2 CompilerThread1" daemon [_thread_in_native, id=6400, stack(0x0000000017490000,0x0000000017590000)]
  0x0000000015d37800 JavaThread "C2 CompilerThread0" daemon [_thread_in_native, id=7228, stack(0x0000000017390000,0x0000000017490000)]
  0x0000000015d36000 JavaThread "Attach Listener" daemon [_thread_blocked, id=5904, stack(0x0000000017290000,0x0000000017390000)]
  0x0000000015d34800 JavaThread "Signal Dispatcher" daemon [_thread_blocked, id=1424, stack(0x0000000017190000,0x0000000017290000)]
  0x00000000023bb000 JavaThread "Finalizer" daemon [_thread_blocked, id=10056, stack(0x0000000016f90000,0x0000000017090000)]
  0x0000000015d19000 JavaThread "Reference Handler" daemon [_thread_blocked, id=11728, stack(0x0000000016e90000,0x0000000016f90000)]
  0x00000000022bd800 JavaThread "main" [_thread_blocked, id=3332, stack(0x00000000020e0000,0x00000000021e0000)]

Other Threads:
  0x0000000015cf6000 VMThread [stack: 0x0000000016d90000,0x0000000016e90000] [id=6388]
  0x0000000017697800 WatcherThread [stack: 0x0000000017b90000,0x0000000017c90000] [id=1112]

VM state:not at safepoint (normal execution)

VM Mutex/Monitor currently owned by a thread: None

heap address: 0x00000000a0000000, size: 1536 MB, Compressed Oops mode: 32-bit
Narrow klass base: 0x0000000000000000, Narrow klass shift: 3
Compressed class space size: 1073741824 Address: 0x0000000100000000

Heap:
 PSYoungGen      total 76288K, used 22582K [0x00000000e0000000, 0x00000000e8800000, 0x0000000100000000)
  eden space 65536K, 23% used [0x00000000e0000000,0x00000000e0f498c8,0x00000000e4000000)
  from space 10752K, 64% used [0x00000000e4000000,0x00000000e46c41e8,0x00000000e4a80000)
  to   space 10752K, 0% used [0x00000000e7d80000,0x00000000e7d80000,0x00000000e8800000)
 ParOldGen       total 79872K, used 3327K [0x00000000a0000000, 0x00000000a4e00000, 0x00000000e0000000)
  object space 79872K, 4% used [0x00000000a0000000,0x00000000a033fdd8,0x00000000a4e00000)
 Metaspace       used 16729K, capacity 17166K, committed 17408K, reserved 1067008K
  class space    used 2372K, capacity 2531K, committed 2560K, reserved 1048576K

Card table byte_map: [0x0000000011780000,0x0000000011a90000] byte_map_base: 0x0000000011280000

Marking Bits: (ParMarkBitMap*) 0x00000000709c9f30
 Begin Bits: [0x0000000012090000, 0x0000000013890000)
 End Bits:   [0x0000000013890000, 0x0000000015090000)

Polling page: 0x0000000000420000

CodeCache: size=245760Kb used=5421Kb max_used=5421Kb free=240338Kb
 bounds [0x00000000023c0000, 0x0000000002910000, 0x00000000113c0000]
 total_blobs=1970 nmethods=1569 adapters=314
 compilation: enabled

Compilation events (10 events):
Event: 5.585 Thread 0x0000000015d2e000 1571       3       sun.misc.ProxyGenerator$ConstantPool::getMethodRef (33 bytes)
Event: 5.585 Thread 0x0000000015d2e000 nmethod 1571 0x0000000002909990 code [0x0000000002909c20, 0x000000000290a9a8]
Event: 5.585 Thread 0x0000000015d2e000 1572       3       sun.misc.ProxyGenerator::access$900 (5 bytes)
Event: 5.585 Thread 0x0000000015d2e000 nmethod 1572 0x000000000290b490 code [0x000000000290b600, 0x000000000290b868]
Event: 5.598 Thread 0x0000000015d2e000 1573       3       java.lang.StringBuilder::append (10 bytes)
Event: 5.598 Thread 0x0000000015d2e000 nmethod 1573 0x000000000290be50 code [0x000000000290bfc0, 0x000000000290c148]
Event: 5.623 Thread 0x0000000015d2e000 1574       3       org.objectweb.asm.SymbolTable::get (13 bytes)
Event: 5.623 Thread 0x0000000015d2e000 nmethod 1574 0x000000000290ce90 code [0x000000000290cfe0, 0x000000000290d170]
Event: 5.632 Thread 0x0000000015d2e000 1575       3       sun.reflect.DelegatingMethodAccessorImpl::invoke (10 bytes)
Event: 5.632 Thread 0x0000000015d2e000 nmethod 1575 0x000000000290d450 code [0x000000000290d5c0, 0x000000000290d7e8]

GC Heap History (8 events):
Event: 3.641 GC heap before
{Heap before GC invocations=1 (full 0):
 PSYoungGen      total 76288K, used 65536K [0x00000000e0000000, 0x00000000e5500000, 0x0000000100000000)
  eden space 65536K, 100% used [0x00000000e0000000,0x00000000e4000000,0x00000000e4000000)
  from space 10752K, 0% used [0x00000000e4a80000,0x00000000e4a80000,0x00000000e5500000)
  to   space 10752K, 0% used [0x00000000e4000000,0x00000000e4000000,0x00000000e4a80000)
 ParOldGen       total 175104K, used 0K [0x00000000a0000000, 0x00000000aab00000, 0x00000000e0000000)
  object space 175104K, 0% used [0x00000000a0000000,0x00000000a0000000,0x00000000aab00000)
 Metaspace       used 6966K, capacity 7208K, committed 7424K, reserved 1056768K
  class space    used 854K, capacity 916K, committed 1024K, reserved 1048576K
Event: 3.651 GC heap after
Heap after GC invocations=1 (full 0):
 PSYoungGen      total 76288K, used 5622K [0x00000000e0000000, 0x00000000e5500000, 0x0000000100000000)
  eden space 65536K, 0% used [0x00000000e0000000,0x00000000e0000000,0x00000000e4000000)
  from space 10752K, 52% used [0x00000000e4000000,0x00000000e457dbf8,0x00000000e4a80000)
  to   space 10752K, 0% used [0x00000000e4a80000,0x00000000e4a80000,0x00000000e5500000)
 ParOldGen       total 175104K, used 8K [0x00000000a0000000, 0x00000000aab00000, 0x00000000e0000000)
  object space 175104K, 0% used [0x00000000a0000000,0x00000000a0002000,0x00000000aab00000)
 Metaspace       used 6966K, capacity 7208K, committed 7424K, reserved 1056768K
  class space    used 854K, capacity 916K, committed 1024K, reserved 1048576K
}
Event: 3.808 GC heap before
{Heap before GC invocations=2 (full 0):
 PSYoungGen      total 76288K, used 17838K [0x00000000e0000000, 0x00000000e5500000, 0x0000000100000000)
  eden space 65536K, 18% used [0x00000000e0000000,0x00000000e0bedc50,0x00000000e4000000)
  from space 10752K, 52% used [0x00000000e4000000,0x00000000e457dbf8,0x00000000e4a80000)
  to   space 10752K, 0% used [0x00000000e4a80000,0x00000000e4a80000,0x00000000e5500000)
 ParOldGen       total 175104K, used 8K [0x00000000a0000000, 0x00000000aab00000, 0x00000000e0000000)
  object space 175104K, 0% used [0x00000000a0000000,0x00000000a0002000,0x00000000aab00000)
 Metaspace       used 7681K, capacity 7914K, committed 8064K, reserved 1062912K
  class space    used 981K, capacity 1045K, committed 1152K, reserved 1048576K
Event: 3.817 GC heap after
Heap after GC invocations=2 (full 0):
 PSYoungGen      total 76288K, used 3488K [0x00000000e0000000, 0x00000000e5500000, 0x0000000100000000)
  eden space 65536K, 0% used [0x00000000e0000000,0x00000000e0000000,0x00000000e4000000)
  from space 10752K, 32% used [0x00000000e4a80000,0x00000000e4de8020,0x00000000e5500000)
  to   space 10752K, 0% used [0x00000000e4000000,0x00000000e4000000,0x00000000e4a80000)
 ParOldGen       total 175104K, used 16K [0x00000000a0000000, 0x00000000aab00000, 0x00000000e0000000)
  object space 175104K, 0% used [0x00000000a0000000,0x00000000a0004000,0x00000000aab00000)
 Metaspace       used 7681K, capacity 7914K, committed 8064K, reserved 1062912K
  class space    used 981K, capacity 1045K, committed 1152K, reserved 1048576K
}
Event: 3.817 GC heap before
{Heap before GC invocations=3 (full 1):
 PSYoungGen      total 76288K, used 3488K [0x00000000e0000000, 0x00000000e5500000, 0x0000000100000000)
  eden space 65536K, 0% used [0x00000000e0000000,0x00000000e0000000,0x00000000e4000000)
  from space 10752K, 32% used [0x00000000e4a80000,0x00000000e4de8020,0x00000000e5500000)
  to   space 10752K, 0% used [0x00000000e4000000,0x00000000e4000000,0x00000000e4a80000)
 ParOldGen       total 175104K, used 16K [0x00000000a0000000, 0x00000000aab00000, 0x00000000e0000000)
  object space 175104K, 0% used [0x00000000a0000000,0x00000000a0004000,0x00000000aab00000)
 Metaspace       used 7681K, capacity 7914K, committed 8064K, reserved 1062912K
  class space    used 981K, capacity 1045K, committed 1152K, reserved 1048576K
Event: 3.837 GC heap after
Heap after GC invocations=3 (full 1):
 PSYoungGen      total 76288K, used 0K [0x00000000e0000000, 0x00000000e5500000, 0x0000000100000000)
  eden space 65536K, 0% used [0x00000000e0000000,0x00000000e0000000,0x00000000e4000000)
  from space 10752K, 0% used [0x00000000e4a80000,0x00000000e4a80000,0x00000000e5500000)
  to   space 10752K, 0% used [0x00000000e4000000,0x00000000e4000000,0x00000000e4a80000)
 ParOldGen       total 79872K, used 3319K [0x00000000a0000000, 0x00000000a4e00000, 0x00000000e0000000)
  object space 79872K, 4% used [0x00000000a0000000,0x00000000a033ddd8,0x00000000a4e00000)
 Metaspace       used 7681K, capacity 7914K, committed 8064K, reserved 1060864K
  class space    used 981K, capacity 1045K, committed 1152K, reserved 1048576K
}
Event: 5.403 GC heap before
{Heap before GC invocations=4 (full 1):
 PSYoungGen      total 76288K, used 65536K [0x00000000e0000000, 0x00000000e5500000, 0x0000000100000000)
  eden space 65536K, 100% used [0x00000000e0000000,0x00000000e4000000,0x00000000e4000000)
  from space 10752K, 0% used [0x00000000e4a80000,0x00000000e4a80000,0x00000000e5500000)
  to   space 10752K, 0% used [0x00000000e4000000,0x00000000e4000000,0x00000000e4a80000)
 ParOldGen       total 79872K, used 3319K [0x00000000a0000000, 0x00000000a4e00000, 0x00000000e0000000)
  object space 79872K, 4% used [0x00000000a0000000,0x00000000a033ddd8,0x00000000a4e00000)
 Metaspace       used 14941K, capacity 15366K, committed 15616K, reserved 1067008K
  class space    used 2108K, capacity 2225K, committed 2304K, reserved 1048576K
Event: 5.414 GC heap after
Heap after GC invocations=4 (full 1):
 PSYoungGen      total 76288K, used 6928K [0x00000000e0000000, 0x00000000e8800000, 0x0000000100000000)
  eden space 65536K, 0% used [0x00000000e0000000,0x00000000e0000000,0x00000000e4000000)
  from space 10752K, 64% used [0x00000000e4000000,0x00000000e46c41e8,0x00000000e4a80000)
  to   space 10752K, 0% used [0x00000000e7d80000,0x00000000e7d80000,0x00000000e8800000)
 ParOldGen       total 79872K, used 3327K [0x00000000a0000000, 0x00000000a4e00000, 0x00000000e0000000)
  object space 79872K, 4% used [0x00000000a0000000,0x00000000a033fdd8,0x00000000a4e00000)
 Metaspace       used 14941K, capacity 15366K, committed 15616K, reserved 1067008K
  class space    used 2108K, capacity 2225K, committed 2304K, reserved 1048576K
}

Deoptimization events (10 events):
Event: 4.859 Thread 0x00000000190ae800 Uncommon trap: reason=unstable_if action=reinterpret pc=0x00000000027a99f0 method=java.util.concurrent.ConcurrentHashMap.putVal(Ljava/lang/Object;Ljava/lang/Object;Z)Ljava/lang/Object; @ 206
Event: 4.927 Thread 0x0000000018e79000 Uncommon trap: reason=bimorphic action=maybe_recompile pc=0x0000000002625f30 method=java.util.HashMap.putVal(ILjava/lang/Object;Ljava/lang/Object;ZZ)Ljava/lang/Object; @ 253
Event: 4.927 Thread 0x0000000018e79000 Uncommon trap: reason=bimorphic action=maybe_recompile pc=0x0000000002625f30 method=java.util.HashMap.putVal(ILjava/lang/Object;Ljava/lang/Object;ZZ)Ljava/lang/Object; @ 253
Event: 4.927 Thread 0x0000000018e79000 Uncommon trap: reason=bimorphic action=maybe_recompile pc=0x0000000002625f30 method=java.util.HashMap.putVal(ILjava/lang/Object;Ljava/lang/Object;ZZ)Ljava/lang/Object; @ 253
Event: 5.156 Thread 0x0000000018e79000 Uncommon trap: reason=class_check action=maybe_recompile pc=0x0000000002697ed8 method=java.util.regex.Matcher.match(II)Z @ 86
Event: 5.169 Thread 0x0000000018e79000 Uncommon trap: reason=class_check action=maybe_recompile pc=0x0000000002697ed8 method=java.util.regex.Matcher.match(II)Z @ 86
Event: 5.169 Thread 0x0000000018e79000 Uncommon trap: reason=class_check action=maybe_recompile pc=0x0000000002697ed8 method=java.util.regex.Matcher.match(II)Z @ 86
Event: 5.169 Thread 0x0000000018e79000 Uncommon trap: reason=class_check action=maybe_recompile pc=0x000000000253050c method=java.util.regex.Matcher.match(II)Z @ 86
Event: 5.486 Thread 0x0000000018e79000 Uncommon trap: reason=unstable_if action=reinterpret pc=0x000000000284a0b4 method=java.lang.String.lastIndexOf([CII[CIII)I @ 66
Event: 5.573 Thread 0x0000000018e79000 Uncommon trap: reason=unstable_if action=reinterpret pc=0x000000000284bda4 method=java.util.HashMap.putVal(ILjava/lang/Object;Ljava/lang/Object;ZZ)Ljava/lang/Object; @ 236

Classes redefined (0 events):
No events

Internal exceptions (10 events):
Event: 4.869 Thread 0x00000000190ae800 Exception <a 'java/lang/NoSuchMethodError': <clinit>> (0x00000000e10f9688) thrown at [D:\src\AOSP-openjdk-cygwin\jdk8u\hotspot\src\share\vm\prims\jni.cpp, line 1614]
Event: 4.869 Thread 0x00000000190ae800 Exception <a 'java/lang/NoSuchMethodError': <clinit>> (0x00000000e1102318) thrown at [D:\src\AOSP-openjdk-cygwin\jdk8u\hotspot\src\share\vm\prims\jni.cpp, line 1614]
Event: 4.871 Thread 0x00000000190ae800 Exception <a 'java/lang/NoSuchMethodError': <clinit>> (0x00000000e1118918) thrown at [D:\src\AOSP-openjdk-cygwin\jdk8u\hotspot\src\share\vm\prims\jni.cpp, line 1614]
Event: 4.877 Thread 0x00000000190ae800 Exception <a 'java/lang/NoSuchMethodError': <clinit>> (0x00000000e11769b8) thrown at [D:\src\AOSP-openjdk-cygwin\jdk8u\hotspot\src\share\vm\prims\jni.cpp, line 1614]
Event: 4.884 Thread 0x00000000190ae800 Exception <a 'java/lang/NoSuchMethodError': <clinit>> (0x00000000e11a36e8) thrown at [D:\src\AOSP-openjdk-cygwin\jdk8u\hotspot\src\share\vm\prims\jni.cpp, line 1614]
Event: 4.890 Thread 0x00000000190ae800 Exception <a 'java/lang/NoSuchMethodError': <clinit>> (0x00000000e11d19a0) thrown at [D:\src\AOSP-openjdk-cygwin\jdk8u\hotspot\src\share\vm\prims\jni.cpp, line 1614]
Event: 4.890 Thread 0x00000000190ae800 Exception <a 'java/lang/NoSuchMethodError': <clinit>> (0x00000000e11dcda8) thrown at [D:\src\AOSP-openjdk-cygwin\jdk8u\hotspot\src\share\vm\prims\jni.cpp, line 1614]
Event: 5.457 Thread 0x0000000018e79000 Exception <a 'java/lang/NoSuchMethodError': java.lang.Object.lambda$and$0(Ljava/util/function/Predicate;Ljava/lang/Object;)Z> (0x00000000e01956a0) thrown at [D:\src\AOSP-openjdk-cygwin\jdk8u\hotspot\src\share\vm\interpreter\linkResolver.cpp, line 620]
Event: 5.463 Thread 0x0000000018e79000 Exception <a 'java/lang/IncompatibleClassChangeError': Found class java.lang.Object, but interface was expected> (0x00000000e01ab988) thrown at [D:\src\AOSP-openjdk-cygwin\jdk8u\hotspot\src\share\vm\interpreter\linkResolver.cpp, line 653]
Event: 5.467 Thread 0x0000000018e79000 Exception <a 'java/lang/NoSuchMethodError': java.lang.Object.lambda$or$2(Ljava/util/function/Predicate;Ljava/lang/Object;)Z> (0x00000000e01b0898) thrown at [D:\src\AOSP-openjdk-cygwin\jdk8u\hotspot\src\share\vm\interpreter\linkResolver.cpp, line 620]

Events (10 events):
Event: 5.634 loading class org/gradle/api/internal/file/TmpDirTemporaryFileProvider
Event: 5.634 loading class org/gradle/api/internal/file/TmpDirTemporaryFileProvider done
Event: 5.634 loading class org/gradle/api/internal/file/DefaultTemporaryFileProvider
Event: 5.634 loading class org/gradle/api/internal/file/DefaultTemporaryFileProvider done
Event: 5.635 loading class org/gradle/api/internal/file/TmpDirTemporaryFileProvider$1
Event: 5.635 loading class org/gradle/api/internal/file/TmpDirTemporaryFileProvider$1 done
Event: 5.635 loading class org/gradle/internal/resource/local/UniquePathKeyFileStore
Event: 5.635 loading class org/gradle/internal/resource/local/UniquePathKeyFileStore done
Event: 5.635 loading class org/gradle/internal/resource/local/DefaultPathKeyFileStore
Event: 5.635 loading class org/gradle/internal/resource/local/DefaultPathKeyFileStore done


Dynamic libraries:
0x00007ff616100000 - 0x00007ff616131000 	C:\Program Files\Android\Android Studio\jre\bin\java.exe
0x00007ffad7d20000 - 0x00007ffad7f10000 	C:\WINDOWS\SYSTEM32\ntdll.dll
0x00007ffad7b70000 - 0x00007ffad7c22000 	C:\WINDOWS\System32\KERNEL32.DLL
0x00007ffad5290000 - 0x00007ffad5534000 	C:\WINDOWS\System32\KERNELBASE.dll
0x00007ffad7710000 - 0x00007ffad77b3000 	C:\WINDOWS\System32\ADVAPI32.dll
0x00007ffad72e0000 - 0x00007ffad737e000 	C:\WINDOWS\System32\msvcrt.dll
0x00007ffad7840000 - 0x00007ffad78d7000 	C:\WINDOWS\System32\sechost.dll
0x00007ffad75f0000 - 0x00007ffad7710000 	C:\WINDOWS\System32\RPCRT4.dll
0x00007ffad6e80000 - 0x00007ffad7014000 	C:\WINDOWS\System32\USER32.dll
0x00007ffad5000000 - 0x00007ffad5021000 	C:\WINDOWS\System32\win32u.dll
0x00007ffad5ea0000 - 0x00007ffad5ec6000 	C:\WINDOWS\System32\GDI32.dll
0x00007ffad50f0000 - 0x00007ffad5285000 	C:\WINDOWS\System32\gdi32full.dll
0x00007ffad5030000 - 0x00007ffad50ce000 	C:\WINDOWS\System32\msvcp_win.dll
0x00007ffad4d30000 - 0x00007ffad4e2a000 	C:\WINDOWS\System32\ucrtbase.dll
0x00007ffac0bb0000 - 0x00007ffac0e34000 	C:\WINDOWS\WinSxS\amd64_microsoft.windows.common-controls_6595b64144ccf1df_6.0.18362.900_none_e6beb9d913147d17\COMCTL32.dll
0x00007ffad6b40000 - 0x00007ffad6e75000 	C:\WINDOWS\System32\combase.dll
0x00007ffad4f80000 - 0x00007ffad5000000 	C:\WINDOWS\System32\bcryptPrimitives.dll
0x00007ffad75b0000 - 0x00007ffad75de000 	C:\WINDOWS\System32\IMM32.DLL
0x0000000070040000 - 0x0000000070112000 	C:\Program Files\Android\Android Studio\jre\jre\bin\msvcr100.dll
0x0000000070200000 - 0x0000000070a46000 	C:\Program Files\Android\Android Studio\jre\jre\bin\server\jvm.dll
0x00007ffad75e0000 - 0x00007ffad75e8000 	C:\WINDOWS\System32\PSAPI.DLL
0x00007ffad14e0000 - 0x00007ffad14e9000 	C:\WINDOWS\SYSTEM32\WSOCK32.dll
0x00007ffad74e0000 - 0x00007ffad754f000 	C:\WINDOWS\System32\WS2_32.dll
0x00007ffad2be0000 - 0x00007ffad2c04000 	C:\WINDOWS\SYSTEM32\WINMM.dll
0x00007ffacebe0000 - 0x00007ffacebea000 	C:\WINDOWS\SYSTEM32\VERSION.dll
0x00007ffad2bb0000 - 0x00007ffad2bdd000 	C:\WINDOWS\SYSTEM32\WINMMBASE.dll
0x00007ffad4ce0000 - 0x00007ffad4d2a000 	C:\WINDOWS\System32\cfgmgr32.dll
0x00007ffad14d0000 - 0x00007ffad14df000 	C:\Program Files\Android\Android Studio\jre\jre\bin\verify.dll
0x00007ffac2950000 - 0x00007ffac2979000 	C:\Program Files\Android\Android Studio\jre\jre\bin\java.dll
0x00007ffad1490000 - 0x00007ffad14a6000 	C:\Program Files\Android\Android Studio\jre\jre\bin\zip.dll
0x00007ffad63f0000 - 0x00007ffad6ad6000 	C:\WINDOWS\System32\SHELL32.dll
0x00007ffad7c30000 - 0x00007ffad7cd9000 	C:\WINDOWS\System32\shcore.dll
0x00007ffad5650000 - 0x00007ffad5dd0000 	C:\WINDOWS\System32\windows.storage.dll
0x00007ffad4c30000 - 0x00007ffad4c53000 	C:\WINDOWS\System32\profapi.dll
0x00007ffad4c60000 - 0x00007ffad4caa000 	C:\WINDOWS\System32\powrprof.dll
0x00007ffad4be0000 - 0x00007ffad4bf0000 	C:\WINDOWS\System32\UMPDC.dll
0x00007ffad7550000 - 0x00007ffad75a2000 	C:\WINDOWS\System32\shlwapi.dll
0x00007ffad4bf0000 - 0x00007ffad4c01000 	C:\WINDOWS\System32\kernel.appcore.dll
0x00007ffad50d0000 - 0x00007ffad50e7000 	C:\WINDOWS\System32\cryptsp.dll
0x00007ffacb1f0000 - 0x00007ffacb20a000 	C:\Program Files\Android\Android Studio\jre\jre\bin\net.dll
0x00007ffacbcc0000 - 0x00007ffacbe96000 	C:\WINDOWS\SYSTEM32\urlmon.dll
0x00007ffacba10000 - 0x00007ffacbcb6000 	C:\WINDOWS\SYSTEM32\iertutil.dll
0x00007ffad4590000 - 0x00007ffad459c000 	C:\WINDOWS\SYSTEM32\CRYPTBASE.DLL
0x00007ffad4400000 - 0x00007ffad4467000 	C:\WINDOWS\system32\mswsock.dll
0x00007ffac27f0000 - 0x00007ffac2803000 	C:\Program Files\Android\Android Studio\jre\jre\bin\nio.dll
0x00007ffab9fc0000 - 0x00007ffab9fe6000 	C:\Users\nikol\.gradle\native\30\windows-amd64\native-platform.dll
0x00007ffad14c0000 - 0x00007ffad14cd000 	C:\Program Files\Android\Android Studio\jre\jre\bin\management.dll
0x00007ffad3f20000 - 0x00007ffad3f53000 	C:\WINDOWS\system32\rsaenh.dll
0x00007ffad4cb0000 - 0x00007ffad4cd6000 	C:\WINDOWS\System32\bcrypt.dll
0x00007ffad4b00000 - 0x00007ffad4b25000 	C:\WINDOWS\SYSTEM32\USERENV.dll
0x00007ffad4120000 - 0x00007ffad415a000 	C:\WINDOWS\SYSTEM32\IPHLPAPI.DLL
0x00007ffad72d0000 - 0x00007ffad72d8000 	C:\WINDOWS\System32\NSI.dll
0x00007ffacf180000 - 0x00007ffacf196000 	C:\WINDOWS\SYSTEM32\dhcpcsvc6.DLL
0x00007ffacf160000 - 0x00007ffacf17c000 	C:\WINDOWS\SYSTEM32\dhcpcsvc.DLL
0x00007ffad4160000 - 0x00007ffad422b000 	C:\WINDOWS\SYSTEM32\DNSAPI.dll

VM Arguments:
jvm_args: -Xmx1536m -Dfile.encoding=windows-1252 -Duser.country=US -Duser.language=en -Duser.variant 
java_command: org.gradle.launcher.daemon.bootstrap.GradleDaemon 5.6.4
java_class_path (initial): C:\Users\nikol\.gradle\wrapper\dists\gradle-5.6.4-all\ankdp27end7byghfw1q2sw75f\gradle-5.6.4\lib\gradle-launcher-5.6.4.jar
Launcher Type: SUN_STANDARD

Environment Variables:
PATH=C:\Program Files (x86)\Common Files\Oracle\Java\javapath;C:\WINDOWS\system32;C:\WINDOWS;C:\WINDOWS\System32\Wbem;C:\WINDOWS\System32\WindowsPowerShell\v1.0\;C:\WINDOWS\System32\OpenSSH\;C:\Program Files (x86)\NVIDIA Corporation\PhysX\Common;C:\WINDOWS\system32;C:\WINDOWS;C:\WINDOWS\System32\Wbem;C:\WINDOWS\System32\WindowsPowerShell\v1.0\;C:\WINDOWS\System32\OpenSSH\;C:\Program Files\Git\cmd;C:\Program Files\Git\mingw64\bin;C:\Program Files\Git\usr\bin;C:\Users\nikol\AppData\Local\Microsoft\WindowsApps
USERNAME=nikol
OS=Windows_NT
PROCESSOR_IDENTIFIER=Intel64 Family 6 Model 94 Stepping 3, GenuineIntel



---------------  S Y S T E M  ---------------

OS: Windows 10.0 , 64 bit Build 18362 (10.0.18362.900)

CPU:total 4 (initial active 4) (4 cores per cpu, 1 threads per core) family 6 model 94 stepping 3, cmov, cx8, fxsr, mmx, sse, sse2, sse3, ssse3, sse4.1, sse4.2, popcnt, avx, avx2, aes, clmul, erms, rtm, 3dnowpref, lzcnt, tsc, tscinvbit, bmi1, bmi2, adx

Memory: 4k page, physical 16697424k(4442940k free), swap 45922380k(4076k free)

vm_info: OpenJDK 64-Bit Server VM (25.212-b04) for windows-amd64 JRE (1.8.0_212-release-1586-b04), built by "builder" with MS VC++ 10.0 (VS2010)

time: Sat Jul 11 18:37:07 2020
timezone: Central Europe Daylight Time
elapsed time: 5 seconds (0d 0h 0m 5s)

